<?xml version="1.0" encoding="UTF-8"?>
<!-- Generated by org.testng.reporters.JUnitXMLReporter -->
<testsuite hostname="ojt39-PC" name="Test" tests="1" failures="1" timestamp="29 Jul 2019 06:46:36 GMT" time="57.546" errors="0">
  <testcase name="kickStart" time="56.809" classname="StartTest.KickStart">
    <failure type="junit.framework.ComparisonFailure" message="expected:&amp;lt;shravan[]&amp;gt; but was:&amp;lt;shravan[8977]&amp;gt;">
      <![CDATA[junit.framework.ComparisonFailure: expected:<shravan[]> but was:<shravan[8977]>
	at junit.framework.Assert.assertEquals(Assert.java:100)
	at junit.framework.Assert.assertEquals(Assert.java:107)
	at CommonFunLibary.FunctionalLibary.tableValidation1(FunctionalLibary.java:192)
	at DriverScriptFactory.DriverScript.startTest(DriverScript.java:96)
	at StartTest.KickStart.kickStart(KickStart.java:16)
... Removed 24 stack frames]]>
    </failure>
  </testcase> <!-- kickStart -->
</testsuite> <!-- Test -->
